CareTracker/app/build/intermediates/manifest_merge_blame_file/debug/processDebugMainManifest/manifest-merger-blame-debug-report.txt
1<?xml version="1.0" encoding="utf-8"?>
2<manifest xmlns:android="http://schemas.android.com/apk/res/android"
3    package="com.caretracker"
4    android:versionCode="1"
5    android:versionName="1.0" >
6
7    <uses-sdk
8        android:minSdkVersion="26"
9        android:targetSdkVersion="34" />
10
11    <uses-permission android:name="android.permission.RECEIVE_BOOT_COMPLETED" />
11-->src\main\AndroidManifest.xml:4:5-81
11-->src\main\AndroidManifest.xml:4:22-78
12    <uses-permission android:name="android.permission.POST_NOTIFICATIONS" />
12-->src\main\AndroidManifest.xml:5:5-77
12-->src\main\AndroidManifest.xml:5:22-74
13    <uses-permission android:name="android.permission.VIBRATE" />
13-->src\main\AndroidManifest.xml:6:5-66
13-->src\main\AndroidManifest.xml:6:22-63
14    <uses-permission android:name="android.permission.SCHEDULE_EXACT_ALARM" />
14-->src\main\AndroidManifest.xml:7:5-79
14-->src\main\AndroidManifest.xml:7:22-76
15    <uses-permission android:name="android.permission.USE_EXACT_ALARM" />
15-->src\main\AndroidManifest.xml:8:5-74
15-->src\main\AndroidManifest.xml:8:22-71
16    <uses-permission android:name="android.permission.WAKE_LOCK" />
16-->[androidx.work:work-runtime:2.9.0] AndroidManifest.xml:23:5-68
16-->[androidx.work:work-runtime:2.9.0] AndroidManifest.xml:23:22-65
17    <uses-permission android:name="android.permission.ACCESS_NETWORK_STATE" />
17-->[androidx.work:work-runtime:2.9.0] AndroidManifest.xml:24:5-79
17-->[androidx.work:work-runtime:2.9.0] AndroidManifest.xml:24:22-76
18    <uses-permission android:name="android.permission.FOREGROUND_SERVICE" />
18-->[androidx.work:work-runtime:2.9.0] AndroidManifest.xml:26:5-77
18-->[androidx.work:work-runtime:2.9.0] AndroidManifest.xml:26:22-74
19
20    <permission
20-->[androidx.core:core:1.13.0] AndroidManifest.xml:22:5-24:47
21        android:name="com.caretracker.DYNAMIC_RECEIVER_NOT_EXPORTED_PERMISSION"
21-->[androidx.core:core:1.13.0] AndroidManifest.xml:23:9-81
22        android:protectionLevel="signature" />
22-->[androidx.core:core:1.13.0] AndroidManifest.xml:24:9-44
23
24    <uses-permission android:name="com.caretracker.DYNAMIC_RECEIVER_NOT_EXPORTED_PERMISSION" />
24-->[androidx.core:core:1.13.0] AndroidManifest.xml:26:5-97
24-->[androidx.core:core:1.13.0] AndroidManifest.xml:26:22-94
25
26    <application
26-->src\main\AndroidManifest.xml:10:5-54:19
27        android:name="com.caretracker.CareTrackerApp"
27-->src\main\AndroidManifest.xml:11:9-39
28        android:allowBackup="true"
28-->src\main\AndroidManifest.xml:12:9-35
29        android:appComponentFactory="androidx.core.app.CoreComponentFactory"
29-->[androidx.core:core:1.13.0] AndroidManifest.xml:28:18-86
30        android:debuggable="true"
31        android:extractNativeLibs="false"
32        android:icon="@mipmap/ic_launcher"
32-->src\main\AndroidManifest.xml:13:9-43
33        android:label="@string/app_name"
33-->src\main\AndroidManifest.xml:14:9-41
34        android:roundIcon="@mipmap/ic_launcher_round"
34-->src\main\AndroidManifest.xml:15:9-54
35        android:supportsRtl="true"
35-->src\main\AndroidManifest.xml:16:9-35
36        android:theme="@style/Theme.CareTracker" >
36-->src\main\AndroidManifest.xml:17:9-49
37        <activity
37-->src\main\AndroidManifest.xml:19:9-27:20
38            android:name="com.caretracker.MainActivity"
38-->src\main\AndroidManifest.xml:20:13-41
39            android:exported="true"
39-->src\main\AndroidManifest.xml:21:13-36
40            android:windowSoftInputMode="adjustResize" >
40-->src\main\AndroidManifest.xml:22:13-55
41            <intent-filter>
41-->src\main\AndroidManifest.xml:23:13-26:29
42                <action android:name="android.intent.action.MAIN" />
42-->src\main\AndroidManifest.xml:24:17-69
42-->src\main\AndroidManifest.xml:24:25-66
43
44                <category android:name="android.intent.category.LAUNCHER" />
44-->src\main\AndroidManifest.xml:25:17-77
44-->src\main\AndroidManifest.xml:25:27-74
45            </intent-filter>
46        </activity>
47        <activity
47-->src\main\AndroidManifest.xml:29:9-93
48            android:name="com.caretracker.ui.people.AddEditPersonActivity"
48-->src\main\AndroidManifest.xml:29:19-66
49            android:exported="false" />
49-->src\main\AndroidManifest.xml:29:67-91
50        <activity
50-->src\main\AndroidManifest.xml:30:9-95
51            android:name="com.caretracker.ui.medications.AddEditMedActivity"
51-->src\main\AndroidManifest.xml:30:19-68
52            android:exported="false" />
52-->src\main\AndroidManifest.xml:30:69-93
53        <activity
53-->src\main\AndroidManifest.xml:31:9-100
54            android:name="com.caretracker.ui.calendar.AddEditAppointmentActivity"
54-->src\main\AndroidManifest.xml:31:19-73
55            android:exported="false" />
55-->src\main\AndroidManifest.xml:31:74-98
56        <activity
56-->src\main\AndroidManifest.xml:32:9-96
57            android:name="com.caretracker.ui.contacts.AddEditContactActivity"
57-->src\main\AndroidManifest.xml:32:19-69
58            android:exported="false" />
58-->src\main\AndroidManifest.xml:32:70-94
59        <activity
59-->src\main\AndroidManifest.xml:33:9-89
60            android:name="com.caretracker.ui.health.HealthLogActivity"
60-->src\main\AndroidManifest.xml:33:19-62
61            android:exported="false" />
61-->src\main\AndroidManifest.xml:33:63-87
62        <activity
62-->src\main\AndroidManifest.xml:34:9-92
63            android:name="com.caretracker.ui.habits.AddEditHabitActivity"
63-->src\main\AndroidManifest.xml:34:19-65
64            android:exported="false" />
64-->src\main\AndroidManifest.xml:34:66-90
65
66        <receiver
66-->src\main\AndroidManifest.xml:36:9-42:20
67            android:name="com.caretracker.utils.AlarmReceiver"
67-->src\main\AndroidManifest.xml:37:13-48
68            android:exported="true" >
68-->src\main\AndroidManifest.xml:38:13-36
69            <intent-filter>
69-->src\main\AndroidManifest.xml:39:13-41:29
70                <action android:name="android.intent.action.BOOT_COMPLETED" />
70-->src\main\AndroidManifest.xml:40:17-79
70-->src\main\AndroidManifest.xml:40:25-76
71            </intent-filter>
72        </receiver>
73
74        <provider
75            android:name="androidx.core.content.FileProvider"
75-->src\main\AndroidManifest.xml:45:13-62
76            android:authorities="com.caretracker.provider"
76-->src\main\AndroidManifest.xml:46:13-60
77            android:exported="false"
77-->src\main\AndroidManifest.xml:47:13-37
78            android:grantUriPermissions="true" >
78-->src\main\AndroidManifest.xml:48:13-47
79            <meta-data
79-->src\main\AndroidManifest.xml:49:13-51:54
80                android:name="android.support.FILE_PROVIDER_PATHS"
80-->src\main\AndroidManifest.xml:50:17-67
81                android:resource="@xml/file_paths" />
81-->src\main\AndroidManifest.xml:51:17-51
82        </provider>
83        <provider
83-->[androidx.emoji2:emoji2:1.2.0] AndroidManifest.xml:24:9-32:20
84            android:name="androidx.startup.InitializationProvider"
84-->[androidx.emoji2:emoji2:1.2.0] AndroidManifest.xml:25:13-67
85            android:authorities="com.caretracker.androidx-startup"
85-->[androidx.emoji2:emoji2:1.2.0] AndroidManifest.xml:26:13-68
86            android:exported="false" >
86-->[androidx.emoji2:emoji2:1.2.0] AndroidManifest.xml:27:13-37
87            <meta-data
87-->[androidx.emoji2:emoji2:1.2.0] AndroidManifest.xml:29:13-31:52
88                android:name="androidx.emoji2.text.EmojiCompatInitializer"
88-->[androidx.emoji2:emoji2:1.2.0] AndroidManifest.xml:30:17-75
89                android:value="androidx.startup" />
89-->[androidx.emoji2:emoji2:1.2.0] AndroidManifest.xml:31:17-49
90            <meta-data
90-->[androidx.work:work-runtime:2.9.0] AndroidManifest.xml:34:13-36:52
91                android:name="androidx.work.WorkManagerInitializer"
91-->[androidx.work:work-runtime:2.9.0] AndroidManifest.xml:35:17-68
92                android:value="androidx.startup" />
92-->[androidx.work:work-runtime:2.9.0] AndroidManifest.xml:36:17-49
93            <meta-data
93-->[androidx.lifecycle:lifecycle-process:2.7.0] AndroidManifest.xml:29:13-31:52
94                android:name="androidx.lifecycle.ProcessLifecycleInitializer"
94-->[androidx.lifecycle:lifecycle-process:2.7.0] AndroidManifest.xml:30:17-78
95                android:value="androidx.startup" />
95-->[androidx.lifecycle:lifecycle-process:2.7.0] AndroidManifest.xml:31:17-49
96            <meta-data
96-->[androidx.profileinstaller:profileinstaller:1.3.0] AndroidManifest.xml:29:13-31:52
97                android:name="androidx.profileinstaller.ProfileInstallerInitializer"
97-->[androidx.profileinstaller:profileinstaller:1.3.0] AndroidManifest.xml:30:17-85
98                android:value="androidx.startup" />
98-->[androidx.profileinstaller:profileinstaller:1.3.0] AndroidManifest.xml:31:17-49
99        </provider>
100
101        <service
101-->[androidx.work:work-runtime:2.9.0] AndroidManifest.xml:39:9-45:35
102            android:name="androidx.work.impl.background.systemalarm.SystemAlarmService"
102-->[androidx.work:work-runtime:2.9.0] AndroidManifest.xml:40:13-88
103            android:directBootAware="false"
103-->[androidx.work:work-runtime:2.9.0] AndroidManifest.xml:41:13-44
104            android:enabled="@bool/enable_system_alarm_service_default"
104-->[androidx.work:work-runtime:2.9.0] AndroidManifest.xml:42:13-72
105            android:exported="false" />
105-->[androidx.work:work-runtime:2.9.0] AndroidManifest.xml:43:13-37
106        <service
106-->[androidx.work:work-runtime:2.9.0] AndroidManifest.xml:46:9-52:35
107            android:name="androidx.work.impl.background.systemjob.SystemJobService"
107-->[androidx.work:work-runtime:2.9.0] AndroidManifest.xml:47:13-84
108            android:directBootAware="false"
108-->[androidx.work:work-runtime:2.9.0] AndroidManifest.xml:48:13-44
109            android:enabled="@bool/enable_system_job_service_default"
109-->[androidx.work:work-runtime:2.9.0] AndroidManifest.xml:49:13-70
110            android:exported="true"
110-->[androidx.work:work-runtime:2.9.0] AndroidManifest.xml:50:13-36
111            android:permission="android.permission.BIND_JOB_SERVICE" />
111-->[androidx.work:work-runtime:2.9.0] AndroidManifest.xml:51:13-69
112        <service
112-->[androidx.work:work-runtime:2.9.0] AndroidManifest.xml:53:9-59:35
113            android:name="androidx.work.impl.foreground.SystemForegroundService"
113-->[androidx.work:work-runtime:2.9.0] AndroidManifest.xml:54:13-81
114            android:directBootAware="false"
114-->[androidx.work:work-runtime:2.9.0] AndroidManifest.xml:55:13-44
115            android:enabled="@bool/enable_system_foreground_service_default"
115-->[androidx.work:work-runtime:2.9.0] AndroidManifest.xml:56:13-77
116            android:exported="false" />
116-->[androidx.work:work-runtime:2.9.0] AndroidManifest.xml:57:13-37
117
118        <receiver
118-->[androidx.work:work-runtime:2.9.0] AndroidManifest.xml:61:9-66:35
119            android:name="androidx.work.impl.utils.ForceStopRunnable$BroadcastReceiver"
119-->[androidx.work:work-runtime:2.9.0] AndroidManifest.xml:62:13-88
120            android:directBootAware="false"
120-->[androidx.work:work-runtime:2.9.0] AndroidManifest.xml:63:13-44
121            android:enabled="true"
121-->[androidx.work:work-runtime:2.9.0] AndroidManifest.xml:64:13-35
122            android:exported="false" />
122-->[androidx.work:work-runtime:2.9.0] AndroidManifest.xml:65:13-37
123        <receiver
123-->[androidx.work:work-runtime:2.9.0] AndroidManifest.xml:67:9-77:20
124            android:name="androidx.work.impl.background.systemalarm.ConstraintProxy$BatteryChargingProxy"
124-->[androidx.work:work-runtime:2.9.0] AndroidManifest.xml:68:13-106
125            android:directBootAware="false"
125-->[androidx.work:work-runtime:2.9.0] AndroidManifest.xml:69:13-44
126            android:enabled="false"
126-->[androidx.work:work-runtime:2.9.0] AndroidManifest.xml:70:13-36
127            android:exported="false" >
127-->[androidx.work:work-runtime:2.9.0] AndroidManifest.xml:71:13-37
128            <intent-filter>
128-->[androidx.work:work-runtime:2.9.0] AndroidManifest.xml:73:13-76:29
129                <action android:name="android.intent.action.ACTION_POWER_CONNECTED" />
129-->[androidx.work:work-runtime:2.9.0] AndroidManifest.xml:74:17-87
129-->[androidx.work:work-runtime:2.9.0] AndroidManifest.xml:74:25-84
130                <action android:name="android.intent.action.ACTION_POWER_DISCONNECTED" />
130-->[androidx.work:work-runtime:2.9.0] AndroidManifest.xml:75:17-90
130-->[androidx.work:work-runtime:2.9.0] AndroidManifest.xml:75:25-87
131            </intent-filter>
132        </receiver>
133        <receiver
133-->[androidx.work:work-runtime:2.9.0] AndroidManifest.xml:78:9-88:20
134            android:name="androidx.work.impl.background.systemalarm.ConstraintProxy$BatteryNotLowProxy"
134-->[androidx.work:work-runtime:2.9.0] AndroidManifest.xml:79:13-104
135            android:directBootAware="false"
135-->[androidx.work:work-runtime:2.9.0] AndroidManifest.xml:80:13-44
136            android:enabled="false"
136-->[androidx.work:work-runtime:2.9.0] AndroidManifest.xml:81:13-36
137            android:exported="false" >
137-->[androidx.work:work-runtime:2.9.0] AndroidManifest.xml:82:13-37
138            <intent-filter>
138-->[androidx.work:work-runtime:2.9.0] AndroidManifest.xml:84:13-87:29
139                <action android:name="android.intent.action.BATTERY_OKAY" />
139-->[androidx.work:work-runtime:2.9.0] AndroidManifest.xml:85:17-77
139-->[androidx.work:work-runtime:2.9.0] AndroidManifest.xml:85:25-74
140                <action android:name="android.intent.action.BATTERY_LOW" />
140-->[androidx.work:work-runtime:2.9.0] AndroidManifest.xml:86:17-76
140-->[androidx.work:work-runtime:2.9.0] AndroidManifest.xml:86:25-73
141            </intent-filter>
142        </receiver>
143        <receiver
143-->[androidx.work:work-runtime:2.9.0] AndroidManifest.xml:89:9-99:20
144            android:name="androidx.work.impl.background.systemalarm.ConstraintProxy$StorageNotLowProxy"
144-->[androidx.work:work-runtime:2.9.0] AndroidManifest.xml:90:13-104
145            android:directBootAware="false"
145-->[androidx.work:work-runtime:2.9.0] AndroidManifest.xml:91:13-44
146            android:enabled="false"
146-->[androidx.work:work-runtime:2.9.0] AndroidManifest.xml:92:13-36
147            android:exported="false" >
147-->[androidx.work:work-runtime:2.9.0] AndroidManifest.xml:93:13-37
148            <intent-filter>
148-->[androidx.work:work-runtime:2.9.0] AndroidManifest.xml:95:13-98:29
149                <action android:name="android.intent.action.DEVICE_STORAGE_LOW" />
149-->[androidx.work:work-runtime:2.9.0] AndroidManifest.xml:96:17-83
149-->[androidx.work:work-runtime:2.9.0] AndroidManifest.xml:96:25-80
150                <action android:name="android.intent.action.DEVICE_STORAGE_OK" />
150-->[androidx.work:work-runtime:2.9.0] AndroidManifest.xml:97:17-82
150-->[androidx.work:work-runtime:2.9.0] AndroidManifest.xml:97:25-79
151            </intent-filter>
152        </receiver>
153        <receiver
153-->[androidx.work:work-runtime:2.9.0] AndroidManifest.xml:100:9-109:20
154            android:name="androidx.work.impl.background.systemalarm.ConstraintProxy$NetworkStateProxy"
154-->[androidx.work:work-runtime:2.9.0] AndroidManifest.xml:101:13-103
155            android:directBootAware="false"
155-->[androidx.work:work-runtime:2.9.0] AndroidManifest.xml:102:13-44
156            android:enabled="false"
156-->[androidx.work:work-runtime:2.9.0] AndroidManifest.xml:103:13-36
157            android:exported="false" >
157-->[androidx.work:work-runtime:2.9.0] AndroidManifest.xml:104:13-37
158            <intent-filter>
158-->[androidx.work:work-runtime:2.9.0] AndroidManifest.xml:106:13-108:29
159                <action android:name="android.net.conn.CONNECTIVITY_CHANGE" />
159-->[androidx.work:work-runtime:2.9.0] AndroidManifest.xml:107:17-79
159-->[androidx.work:work-runtime:2.9.0] AndroidManifest.xml:107:25-76
160            </intent-filter>
161        </receiver>
162        <receiver
162-->[androidx.work:work-runtime:2.9.0] AndroidManifest.xml:110:9-121:20
163            android:name="androidx.work.impl.background.systemalarm.RescheduleReceiver"
163-->[androidx.work:work-runtime:2.9.0] AndroidManifest.xml:111:13-88
164            android:directBootAware="false"
164-->[androidx.work:work-runtime:2.9.0] AndroidManifest.xml:112:13-44
165            android:enabled="false"
165-->[androidx.work:work-runtime:2.9.0] AndroidManifest.xml:113:13-36
166            android:exported="false" >
166-->[androidx.work:work-runtime:2.9.0] AndroidManifest.xml:114:13-37
167            <intent-filter>
167-->[androidx.work:work-runtime:2.9.0] AndroidManifest.xml:116:13-120:29
168                <action android:name="android.intent.action.BOOT_COMPLETED" />
168-->src\main\AndroidManifest.xml:40:17-79
168-->src\main\AndroidManifest.xml:40:25-76
169                <action android:name="android.intent.action.TIME_SET" />
169-->[androidx.work:work-runtime:2.9.0] AndroidManifest.xml:118:17-73
169-->[androidx.work:work-runtime:2.9.0] AndroidManifest.xml:118:25-70
170                <action android:name="android.intent.action.TIMEZONE_CHANGED" />
170-->[androidx.work:work-runtime:2.9.0] AndroidManifest.xml:119:17-81
170-->[androidx.work:work-runtime:2.9.0] AndroidManifest.xml:119:25-78
171            </intent-filter>
172        </receiver>
173        <receiver
173-->[androidx.work:work-runtime:2.9.0] AndroidManifest.xml:122:9-131:20
174            android:name="androidx.work.impl.background.systemalarm.ConstraintProxyUpdateReceiver"
174-->[androidx.work:work-runtime:2.9.0] AndroidManifest.xml:123:13-99
175            android:directBootAware="false"
175-->[androidx.work:work-runtime:2.9.0] AndroidManifest.xml:124:13-44
176            android:enabled="@bool/enable_system_alarm_service_default"
176-->[androidx.work:work-runtime:2.9.0] AndroidManifest.xml:125:13-72
177            android:exported="false" >
177-->[androidx.work:work-runtime:2.9.0] AndroidManifest.xml:126:13-37
178            <intent-filter>
178-->[androidx.work:work-runtime:2.9.0] AndroidManifest.xml:128:13-130:29
179                <action android:name="androidx.work.impl.background.systemalarm.UpdateProxies" />
179-->[androidx.work:work-runtime:2.9.0] AndroidManifest.xml:129:17-98
179-->[androidx.work:work-runtime:2.9.0] AndroidManifest.xml:129:25-95
180            </intent-filter>
181        </receiver>
182        <receiver
182-->[androidx.work:work-runtime:2.9.0] AndroidManifest.xml:132:9-142:20
183            android:name="androidx.work.impl.diagnostics.DiagnosticsReceiver"
183-->[androidx.work:work-runtime:2.9.0] AndroidManifest.xml:133:13-78
184            android:directBootAware="false"
184-->[androidx.work:work-runtime:2.9.0] AndroidManifest.xml:134:13-44
185            android:enabled="true"
185-->[androidx.work:work-runtime:2.9.0] AndroidManifest.xml:135:13-35
186            android:exported="true"
186-->[androidx.work:work-runtime:2.9.0] AndroidManifest.xml:136:13-36
187            android:permission="android.permission.DUMP" >
187-->[androidx.work:work-runtime:2.9.0] AndroidManifest.xml:137:13-57
188            <intent-filter>
188-->[androidx.work:work-runtime:2.9.0] AndroidManifest.xml:139:13-141:29
189                <action android:name="androidx.work.diagnostics.REQUEST_DIAGNOSTICS" />
189-->[androidx.work:work-runtime:2.9.0] AndroidManifest.xml:140:17-88
189-->[androidx.work:work-runtime:2.9.0] AndroidManifest.xml:140:25-85
190            </intent-filter>
191        </receiver>
192
193        <uses-library
193-->[androidx.window:window:1.0.0] AndroidManifest.xml:25:9-27:40
194            android:name="androidx.window.extensions"
194-->[androidx.window:window:1.0.0] AndroidManifest.xml:26:13-54
195            android:required="false" />
195-->[androidx.window:window:1.0.0] AndroidManifest.xml:27:13-37
196        <uses-library
196-->[androidx.window:window:1.0.0] AndroidManifest.xml:28:9-30:40
197            android:name="androidx.window.sidecar"
197-->[androidx.window:window:1.0.0] AndroidManifest.xml:29:13-51
198            android:required="false" />
198-->[androidx.window:window:1.0.0] AndroidManifest.xml:30:13-37
199
200        <service
200-->[androidx.room:room-runtime:2.6.1] AndroidManifest.xml:24:9-28:63
201            android:name="androidx.room.MultiInstanceInvalidationService"
201-->[androidx.room:room-runtime:2.6.1] AndroidManifest.xml:25:13-74
202            android:directBootAware="true"
202-->[androidx.room:room-runtime:2.6.1] AndroidManifest.xml:26:13-43
203            android:exported="false" />
203-->[androidx.room:room-runtime:2.6.1] AndroidManifest.xml:27:13-37
204
205        <receiver
205-->[androidx.profileinstaller:profileinstaller:1.3.0] AndroidManifest.xml:34:9-52:20
206            android:name="androidx.profileinstaller.ProfileInstallReceiver"
206-->[androidx.profileinstaller:profileinstaller:1.3.0] AndroidManifest.xml:35:13-76
207            android:directBootAware="false"
207-->[androidx.profileinstaller:profileinstaller:1.3.0] AndroidManifest.xml:36:13-44
208            android:enabled="true"
208-->[androidx.profileinstaller:profileinstaller:1.3.0] AndroidManifest.xml:37:13-35
209            android:exported="true"
209-->[androidx.profileinstaller:profileinstaller:1.3.0] AndroidManifest.xml:38:13-36
210            android:permission="android.permission.DUMP" >
210-->[androidx.profileinstaller:profileinstaller:1.3.0] AndroidManifest.xml:39:13-57
211            <intent-filter>
211-->[androidx.profileinstaller:profileinstaller:1.3.0] AndroidManifest.xml:40:13-42:29
212                <action android:name="androidx.profileinstaller.action.INSTALL_PROFILE" />
212-->[androidx.profileinstaller:profileinstaller:1.3.0] AndroidManifest.xml:41:17-91
212-->[androidx.profileinstaller:profileinstaller:1.3.0] AndroidManifest.xml:41:25-88
213            </intent-filter>
214            <intent-filter>
214-->[androidx.profileinstaller:profileinstaller:1.3.0] AndroidManifest.xml:43:13-45:29
215                <action android:name="androidx.profileinstaller.action.SKIP_FILE" />
215-->[androidx.profileinstaller:profileinstaller:1.3.0] AndroidManifest.xml:44:17-85
215-->[androidx.profileinstaller:profileinstaller:1.3.0] AndroidManifest.xml:44:25-82
216            </intent-filter>
217            <intent-filter>
217-->[androidx.profileinstaller:profileinstaller:1.3.0] AndroidManifest.xml:46:13-48:29
218                <action android:name="androidx.profileinstaller.action.SAVE_PROFILE" />
218-->[androidx.profileinstaller:profileinstaller:1.3.0] AndroidManifest.xml:47:17-88
218-->[androidx.profileinstaller:profileinstaller:1.3.0] AndroidManifest.xml:47:25-85
219            </intent-filter>
220            <intent-filter>
220-->[androidx.profileinstaller:profileinstaller:1.3.0] AndroidManifest.xml:49:13-51:29
221                <action android:name="androidx.profileinstaller.action.BENCHMARK_OPERATION" />
221-->[androidx.profileinstaller:profileinstaller:1.3.0] AndroidManifest.xml:50:17-95
221-->[androidx.profileinstaller:profileinstaller:1.3.0] AndroidManifest.xml:50:25-92
222            </intent-filter>
223        </receiver>
224    </application>
225
226</manifest>